mode: set
github.com/Alicey0719/kubecon-tutorial/controllers/markdownview_controller.go:49.104,55.2 2 0
github.com/Alicey0719/kubecon-tutorial/controllers/markdownview_controller.go:58.75,62.2 1 0
github.com/Alicey0719/kubecon-tutorial/api/v1/markdownview_types.go:86.13,88.2 1 1
github.com/Alicey0719/kubecon-tutorial/api/v1/markdownview_webhook.go:29.72,33.2 1 0
github.com/Alicey0719/kubecon-tutorial/api/v1/markdownview_webhook.go:42.34,46.2 1 0
github.com/Alicey0719/kubecon-tutorial/api/v1/markdownview_webhook.go:54.47,59.2 2 0
github.com/Alicey0719/kubecon-tutorial/api/v1/markdownview_webhook.go:62.65,67.2 2 0
github.com/Alicey0719/kubecon-tutorial/api/v1/markdownview_webhook.go:70.47,75.2 2 0
github.com/Alicey0719/kubecon-tutorial/api/v1/zz_generated.deepcopy.go:13.57,18.2 4 0
github.com/Alicey0719/kubecon-tutorial/api/v1/zz_generated.deepcopy.go:21.50,22.15 1 0
github.com/Alicey0719/kubecon-tutorial/api/v1/zz_generated.deepcopy.go:25.2,27.12 3 0
github.com/Alicey0719/kubecon-tutorial/api/v1/zz_generated.deepcopy.go:22.15,24.3 1 0
github.com/Alicey0719/kubecon-tutorial/api/v1/zz_generated.deepcopy.go:31.57,32.34 1 0
github.com/Alicey0719/kubecon-tutorial/api/v1/zz_generated.deepcopy.go:35.2,35.12 1 0
github.com/Alicey0719/kubecon-tutorial/api/v1/zz_generated.deepcopy.go:32.34,34.3 1 0
github.com/Alicey0719/kubecon-tutorial/api/v1/zz_generated.deepcopy.go:39.65,43.21 4 0
github.com/Alicey0719/kubecon-tutorial/api/v1/zz_generated.deepcopy.go:43.21,46.22 3 0
github.com/Alicey0719/kubecon-tutorial/api/v1/zz_generated.deepcopy.go:46.22,48.4 1 0
github.com/Alicey0719/kubecon-tutorial/api/v1/zz_generated.deepcopy.go:53.58,54.15 1 0
github.com/Alicey0719/kubecon-tutorial/api/v1/zz_generated.deepcopy.go:57.2,59.12 3 0
github.com/Alicey0719/kubecon-tutorial/api/v1/zz_generated.deepcopy.go:54.15,56.3 1 0
github.com/Alicey0719/kubecon-tutorial/api/v1/zz_generated.deepcopy.go:63.61,64.34 1 0
github.com/Alicey0719/kubecon-tutorial/api/v1/zz_generated.deepcopy.go:67.2,67.12 1 0
github.com/Alicey0719/kubecon-tutorial/api/v1/zz_generated.deepcopy.go:64.34,66.3 1 0
github.com/Alicey0719/kubecon-tutorial/api/v1/zz_generated.deepcopy.go:71.65,73.25 2 0
github.com/Alicey0719/kubecon-tutorial/api/v1/zz_generated.deepcopy.go:73.25,76.29 3 0
github.com/Alicey0719/kubecon-tutorial/api/v1/zz_generated.deepcopy.go:76.29,78.4 1 0
github.com/Alicey0719/kubecon-tutorial/api/v1/zz_generated.deepcopy.go:83.58,84.15 1 0
github.com/Alicey0719/kubecon-tutorial/api/v1/zz_generated.deepcopy.go:87.2,89.12 3 0
github.com/Alicey0719/kubecon-tutorial/api/v1/zz_generated.deepcopy.go:84.15,86.3 1 0
