mode: set
github.com/Alicey0719/kubecon-tutorial/controllers/markdownview_controller.go:49.104,55.2 2 0
github.com/Alicey0719/kubecon-tutorial/controllers/markdownview_controller.go:58.75,62.2 1 0
github.com/Alicey0719/kubecon-tutorial/api/v1/markdownview_webhook.go:29.72,33.2 1 1
github.com/Alicey0719/kubecon-tutorial/api/v1/markdownview_webhook.go:42.34,46.2 1 0
github.com/Alicey0719/kubecon-tutorial/api/v1/markdownview_webhook.go:54.47,59.2 2 0
github.com/Alicey0719/kubecon-tutorial/api/v1/markdownview_webhook.go:62.65,67.2 2 0
github.com/Alicey0719/kubecon-tutorial/api/v1/markdownview_webhook.go:70.47,75.2 2 0
github.com/Alicey0719/kubecon-tutorial/api/v1/zz_generated.deepcopy.go:13.57,19.2 5 0
github.com/Alicey0719/kubecon-tutorial/api/v1/zz_generated.deepcopy.go:22.50,23.15 1 0
github.com/Alicey0719/kubecon-tutorial/api/v1/zz_generated.deepcopy.go:26.2,28.12 3 0
github.com/Alicey0719/kubecon-tutorial/api/v1/zz_generated.deepcopy.go:23.15,25.3 1 0
github.com/Alicey0719/kubecon-tutorial/api/v1/zz_generated.deepcopy.go:32.57,33.34 1 0
github.com/Alicey0719/kubecon-tutorial/api/v1/zz_generated.deepcopy.go:36.2,36.12 1 0
github.com/Alicey0719/kubecon-tutorial/api/v1/zz_generated.deepcopy.go:33.34,35.3 1 0
github.com/Alicey0719/kubecon-tutorial/api/v1/zz_generated.deepcopy.go:40.65,44.21 4 0
github.com/Alicey0719/kubecon-tutorial/api/v1/zz_generated.deepcopy.go:44.21,47.22 3 0
github.com/Alicey0719/kubecon-tutorial/api/v1/zz_generated.deepcopy.go:47.22,49.4 1 0
github.com/Alicey0719/kubecon-tutorial/api/v1/zz_generated.deepcopy.go:54.58,55.15 1 0
github.com/Alicey0719/kubecon-tutorial/api/v1/zz_generated.deepcopy.go:58.2,60.12 3 0
github.com/Alicey0719/kubecon-tutorial/api/v1/zz_generated.deepcopy.go:55.15,57.3 1 0
github.com/Alicey0719/kubecon-tutorial/api/v1/zz_generated.deepcopy.go:64.61,65.34 1 0
github.com/Alicey0719/kubecon-tutorial/api/v1/zz_generated.deepcopy.go:68.2,68.12 1 0
github.com/Alicey0719/kubecon-tutorial/api/v1/zz_generated.deepcopy.go:65.34,67.3 1 0
github.com/Alicey0719/kubecon-tutorial/api/v1/zz_generated.deepcopy.go:72.65,74.2 1 0
github.com/Alicey0719/kubecon-tutorial/api/v1/zz_generated.deepcopy.go:77.58,78.15 1 0
github.com/Alicey0719/kubecon-tutorial/api/v1/zz_generated.deepcopy.go:81.2,83.12 3 0
github.com/Alicey0719/kubecon-tutorial/api/v1/zz_generated.deepcopy.go:78.15,80.3 1 0
github.com/Alicey0719/kubecon-tutorial/api/v1/zz_generated.deepcopy.go:87.69,89.2 1 0
github.com/Alicey0719/kubecon-tutorial/api/v1/zz_generated.deepcopy.go:92.62,93.15 1 0
github.com/Alicey0719/kubecon-tutorial/api/v1/zz_generated.deepcopy.go:96.2,98.12 3 0
github.com/Alicey0719/kubecon-tutorial/api/v1/zz_generated.deepcopy.go:93.15,95.3 1 0
github.com/Alicey0719/kubecon-tutorial/api/v1/markdownview_types.go:62.13,64.2 1 1
